<?xml version="1.0" encoding="UTF-8"?>
<testng-results skipped="0" failed="0" total="1" passed="1">
  <reporter-output>
  </reporter-output>
  <suite name="Default suite" duration-ms="15297" started-at="2020-02-19T11:00:28Z" finished-at="2020-02-19T11:00:43Z">
    <groups>
    </groups>
    <test name="Default test" duration-ms="15297" started-at="2020-02-19T11:00:28Z" finished-at="2020-02-19T11:00:43Z">
      <class name="Testngdemo.WindowHandling">
        <test-method status="PASS" signature="irtclogin()[pri:0, instance:Testngdemo.WindowHandling@2096442d]" name="irtclogin" duration-ms="15263" started-at="2020-02-19T16:30:28Z" finished-at="2020-02-19T16:30:43Z">
          <reporter-output>
          </reporter-output>
        </test-method> <!-- irtclogin -->
      </class> <!-- Testngdemo.WindowHandling -->
    </test> <!-- Default test -->
  </suite> <!-- Default suite -->
</testng-results>
