<?xml version="1.0" encoding="UTF-8"?>
<testng-results skipped="0" failed="0" total="1" passed="1">
  <reporter-output>
  </reporter-output>
  <suite name="Default suite" duration-ms="18054" started-at="2020-02-24T10:37:27Z" finished-at="2020-02-24T10:37:45Z">
    <groups>
    </groups>
    <test name="Default test" duration-ms="18054" started-at="2020-02-24T10:37:27Z" finished-at="2020-02-24T10:37:45Z">
      <class name="webt">
        <test-method status="PASS" signature="tab()[pri:0, instance:webt@60f82f98]" name="tab" duration-ms="18001" started-at="2020-02-24T16:07:27Z" finished-at="2020-02-24T16:07:45Z">
          <reporter-output>
          </reporter-output>
        </test-method> <!-- tab -->
      </class> <!-- webt -->
    </test> <!-- Default test -->
  </suite> <!-- Default suite -->
</testng-results>
