<?xml version="1.0" encoding="UTF-8"?>
<testng-results skipped="0" failed="0" ignored="0" total="1" passed="1">
  <reporter-output>
  </reporter-output>
  <suite name="Default suite" duration-ms="32630" started-at="2020-03-04T16:01:38 IST" finished-at="2020-03-04T16:02:11 IST">
    <groups>
    </groups>
    <test name="Default test" duration-ms="32630" started-at="2020-03-04T16:01:38 IST" finished-at="2020-03-04T16:02:11 IST">
      <class name="com.Testcase.login_case">
        <test-method status="PASS" signature="startUp()[pri:0, instance:com.Testcase.login_case@33cb5951]" name="startUp" is-config="true" duration-ms="13250" started-at="2020-03-04T16:01:38 IST" finished-at="2020-03-04T16:01:52 IST">
          <reporter-output>
          </reporter-output>
        </test-method> <!-- startUp -->
        <test-method status="PASS" signature="login_case1()[pri:0, instance:com.Testcase.login_case@33cb5951]" name="login_case1" duration-ms="16690" started-at="2020-03-04T16:01:52 IST" finished-at="2020-03-04T16:02:08 IST">
          <reporter-output>
          </reporter-output>
        </test-method> <!-- login_case1 -->
        <test-method status="PASS" signature="close()[pri:0, instance:com.Testcase.login_case@33cb5951]" name="close" is-config="true" duration-ms="2568" started-at="2020-03-04T16:02:08 IST" finished-at="2020-03-04T16:02:11 IST">
          <reporter-output>
          </reporter-output>
        </test-method> <!-- close -->
      </class> <!-- com.Testcase.login_case -->
    </test> <!-- Default test -->
  </suite> <!-- Default suite -->
</testng-results>
