<?xml version="1.0" encoding="UTF-8"?>
<testng-results skipped="0" failed="0" total="2" passed="2">
  <reporter-output>
  </reporter-output>
  <suite name="Default suite" duration-ms="12090" started-at="2020-03-11T12:43:54Z" finished-at="2020-03-11T12:44:06Z">
    <groups>
    </groups>
    <test name="Default test" duration-ms="12090" started-at="2020-03-11T12:43:54Z" finished-at="2020-03-11T12:44:06Z">
      <class name="com.Testcase.DownloadIEDriver_TestCase">
        <test-method status="PASS" signature="startup()[pri:0, instance:com.Testcase.DownloadIEDriver_TestCase@2aaf7cc2]" name="startup" is-config="true" duration-ms="8510" started-at="2020-03-11T18:13:54Z" finished-at="2020-03-11T18:14:03Z">
          <reporter-output>
          </reporter-output>
        </test-method> <!-- startup -->
        <test-method status="PASS" signature="assertGet()[pri:0, instance:com.Testcase.DownloadIEDriver_TestCase@2aaf7cc2]" name="assertGet" duration-ms="9" started-at="2020-03-11T18:14:03Z" finished-at="2020-03-11T18:14:03Z">
          <reporter-output>
          </reporter-output>
        </test-method> <!-- assertGet -->
        <test-method status="PASS" signature="testcase()[pri:0, instance:com.Testcase.DownloadIEDriver_TestCase@2aaf7cc2]" name="testcase" duration-ms="1156" started-at="2020-03-11T18:14:03Z" finished-at="2020-03-11T18:14:04Z">
          <reporter-output>
          </reporter-output>
        </test-method> <!-- testcase -->
        <test-method status="PASS" signature="closes()[pri:0, instance:com.Testcase.DownloadIEDriver_TestCase@2aaf7cc2]" name="closes" is-config="true" duration-ms="2380" started-at="2020-03-11T18:14:04Z" finished-at="2020-03-11T18:14:06Z">
          <reporter-output>
          </reporter-output>
        </test-method> <!-- closes -->
      </class> <!-- com.Testcase.DownloadIEDriver_TestCase -->
    </test> <!-- Default test -->
  </suite> <!-- Default suite -->
</testng-results>
