<?xml version="1.0" encoding="UTF-8"?>
<testng-results skipped="0" failed="0" total="2" passed="2">
  <reporter-output>
  </reporter-output>
  <suite name="Default suite" duration-ms="16303" started-at="2020-03-11T12:29:08Z" finished-at="2020-03-11T12:29:24Z">
    <groups>
    </groups>
    <test name="Default test" duration-ms="16303" started-at="2020-03-11T12:29:08Z" finished-at="2020-03-11T12:29:24Z">
      <class name="com.Testcase.DownloadIEDriver_TestCase">
        <test-method status="PASS" signature="startup()[pri:0, instance:com.Testcase.DownloadIEDriver_TestCase@2aaf7cc2]" name="startup" is-config="true" duration-ms="14684" started-at="2020-03-11T17:59:08Z" finished-at="2020-03-11T17:59:22Z">
          <reporter-output>
          </reporter-output>
        </test-method> <!-- startup -->
        <test-method status="PASS" signature="assertGet()[pri:0, instance:com.Testcase.DownloadIEDriver_TestCase@2aaf7cc2]" name="assertGet" duration-ms="10" started-at="2020-03-11T17:59:22Z" finished-at="2020-03-11T17:59:22Z">
          <reporter-output>
          </reporter-output>
        </test-method> <!-- assertGet -->
        <test-method status="PASS" signature="testcase()[pri:0, instance:com.Testcase.DownloadIEDriver_TestCase@2aaf7cc2]" name="testcase" duration-ms="1142" started-at="2020-03-11T17:59:22Z" finished-at="2020-03-11T17:59:24Z">
          <reporter-output>
          </reporter-output>
        </test-method> <!-- testcase -->
        <test-method status="FAIL" signature="closes()[pri:0, instance:com.Testcase.DownloadIEDriver_TestCase@2aaf7cc2]" name="closes" is-config="true" duration-ms="1" started-at="2020-03-11T17:59:24Z" finished-at="2020-03-11T17:59:24Z">
          <exception class="java.io.IOException">
            <message>
              <![CDATA[Destination 'C:\Users\BLTuser.BLT1217\eclipse-workspace\T_Seleniumhq\Screenshott' directory cannot be created]]>
            </message>
            <full-stacktrace>
              <![CDATA[java.io.IOException: Destination 'C:\Users\BLTuser.BLT1217\eclipse-workspace\T_Seleniumhq\Screenshott' directory cannot be created
	at org.apache.commons.io.FileUtils.copyFile(FileUtils.java:1070)
	at org.apache.commons.io.FileUtils.copyFile(FileUtils.java:1028)
	at com.BaseClass.WrapperClass.screenshot(WrapperClass.java:54)
	at com.Testcase.DownloadIEDriver_TestCase.closes(DownloadIEDriver_TestCase.java:50)
	at sun.reflect.NativeMethodAccessorImpl.invoke0(Native Method)
	at sun.reflect.NativeMethodAccessorImpl.invoke(Unknown Source)
	at sun.reflect.DelegatingMethodAccessorImpl.invoke(Unknown Source)
	at java.lang.reflect.Method.invoke(Unknown Source)
	at org.testng.internal.MethodInvocationHelper.invokeMethod(MethodInvocationHelper.java:86)
	at org.testng.internal.Invoker.invokeConfigurationMethod(Invoker.java:514)
	at org.testng.internal.Invoker.invokeConfigurations(Invoker.java:215)
	at org.testng.internal.Invoker.invokeConfigurations(Invoker.java:142)
	at org.testng.internal.TestMethodWorker.invokeAfterClassMethods(TestMethodWorker.java:232)
	at org.testng.internal.TestMethodWorker.run(TestMethodWorker.java:115)
	at org.testng.TestRunner.privateRun(TestRunner.java:782)
	at org.testng.TestRunner.run(TestRunner.java:632)
	at org.testng.SuiteRunner.runTest(SuiteRunner.java:366)
	at org.testng.SuiteRunner.runSequentially(SuiteRunner.java:361)
	at org.testng.SuiteRunner.privateRun(SuiteRunner.java:319)
	at org.testng.SuiteRunner.run(SuiteRunner.java:268)
	at org.testng.SuiteRunnerWorker.runSuite(SuiteRunnerWorker.java:52)
	at org.testng.SuiteRunnerWorker.run(SuiteRunnerWorker.java:86)
	at org.testng.TestNG.runSuitesSequentially(TestNG.java:1244)
	at org.testng.TestNG.runSuitesLocally(TestNG.java:1169)
	at org.testng.TestNG.run(TestNG.java:1064)
	at org.testng.remote.RemoteTestNG.run(RemoteTestNG.java:113)
	at org.testng.remote.RemoteTestNG.initAndRun(RemoteTestNG.java:206)
	at org.testng.remote.RemoteTestNG.main(RemoteTestNG.java:177)
]]>
            </full-stacktrace>
          </exception> <!-- java.io.IOException -->
          <reporter-output>
          </reporter-output>
        </test-method> <!-- closes -->
      </class> <!-- com.Testcase.DownloadIEDriver_TestCase -->
    </test> <!-- Default test -->
  </suite> <!-- Default suite -->
</testng-results>
