<?xml version="1.0" encoding="UTF-8"?>
<testng-results skipped="0" failed="0" total="1" passed="1">
  <reporter-output>
  </reporter-output>
  <suite name="Default suite" duration-ms="56" started-at="2020-02-20T06:34:22Z" finished-at="2020-02-20T06:34:22Z">
    <groups>
    </groups>
    <test name="Default test" duration-ms="56" started-at="2020-02-20T06:34:22Z" finished-at="2020-02-20T06:34:22Z">
      <class name="Demo">
        <test-method status="PASS" signature="one()[pri:0, instance:Demo@47d384ee]" name="one" duration-ms="24" started-at="2020-02-20T12:04:22Z" finished-at="2020-02-20T12:04:22Z">
          <reporter-output>
          </reporter-output>
        </test-method> <!-- one -->
      </class> <!-- Demo -->
    </test> <!-- Default test -->
  </suite> <!-- Default suite -->
</testng-results>
